2025-11-08 21:51:23,595 - MainThread - awscli.clidriver - DEBUG - CLI version: aws-cli/2.31.22 Python/3.13.7 Linux/6.6.87.2-microsoft-standard-WSL2 exe/x86_64.ubuntu.22
2025-11-08 21:51:23,596 - MainThread - awscli.clidriver - DEBUG - Arguments entered to CLI: ['cloudfront', 'update-distribution', '--id', 'E1F0UDJZRMC56P', '--if-match', 'E2DVJ28SCISM1E', '--distribution-config', 'file://tmp/cf-updated.json', '--debug']
2025-11-08 21:51:23,605 - MainThread - botocore.hooks - DEBUG - Event building-command-table.main: calling handler <function add_s3 at 0x71908b861ee0>
2025-11-08 21:51:23,605 - MainThread - botocore.hooks - DEBUG - Event building-command-table.main: calling handler <function add_ddb at 0x71908ba34a40>
2025-11-08 21:51:23,605 - MainThread - botocore.hooks - DEBUG - Event building-command-table.main: calling handler <bound method BasicCommand.add_command of <class 'awscli.customizations.configure.configure.ConfigureCommand'>>
2025-11-08 21:51:23,605 - MainThread - botocore.hooks - DEBUG - Event building-command-table.main: calling handler <function change_name at 0x71908bb7bce0>
2025-11-08 21:51:23,605 - MainThread - botocore.hooks - DEBUG - Event building-command-table.main: calling handler <function change_name at 0x71908bb98cc0>
2025-11-08 21:51:23,605 - MainThread - botocore.hooks - DEBUG - Event building-command-table.main: calling handler <function add_history_commands at 0x71908b96f880>
2025-11-08 21:51:23,605 - MainThread - botocore.hooks - DEBUG - Event building-command-table.main: calling handler <bound method BasicCommand.add_command of <class 'awscli.customizations.devcommands.CLIDevCommand'>>
2025-11-08 21:51:23,605 - MainThread - botocore.hooks - DEBUG - Event building-command-table.main: calling handler <function add_waiters at 0x71908b87a700>
2025-11-08 21:51:23,605 - MainThread - botocore.hooks - DEBUG - Event building-command-table.main: calling handler <bound method AliasSubCommandInjector.on_building_command_table of <awscli.alias.AliasSubCommandInjector object at 0x71908b6e8980>>
2025-11-08 21:51:23,605 - MainThread - botocore.loaders - DEBUG - Loading JSON file: /usr/local/aws-cli/v2/2.31.22/dist/awscli/data/cli.json
2025-11-08 21:51:23,607 - MainThread - botocore.hooks - DEBUG - Event top-level-args-parsed: calling handler <function resolve_types at 0x71908b94afc0>
2025-11-08 21:51:23,607 - MainThread - botocore.hooks - DEBUG - Event top-level-args-parsed: calling handler <function no_sign_request at 0x71908b94b2e0>
2025-11-08 21:51:23,607 - MainThread - botocore.hooks - DEBUG - Event top-level-args-parsed: calling handler <function resolve_verify_ssl at 0x71908b94b240>
2025-11-08 21:51:23,607 - MainThread - botocore.hooks - DEBUG - Event top-level-args-parsed: calling handler <function resolve_cli_read_timeout at 0x71908b94b420>
2025-11-08 21:51:23,607 - MainThread - botocore.hooks - DEBUG - Event top-level-args-parsed: calling handler <function resolve_cli_connect_timeout at 0x71908b94b380>
2025-11-08 21:51:23,607 - MainThread - botocore.hooks - DEBUG - Event top-level-args-parsed: calling handler <built-in method update of dict object at 0x71908b718800>
2025-11-08 21:51:23,608 - MainThread - awscli.clidriver - DEBUG - CLI version: aws-cli/2.31.22 Python/3.13.7 Linux/6.6.87.2-microsoft-standard-WSL2 exe/x86_64.ubuntu.22
2025-11-08 21:51:23,608 - MainThread - awscli.clidriver - DEBUG - Arguments entered to CLI: ['cloudfront', 'update-distribution', '--id', 'E1F0UDJZRMC56P', '--if-match', 'E2DVJ28SCISM1E', '--distribution-config', 'file://tmp/cf-updated.json', '--debug']
2025-11-08 21:51:23,608 - MainThread - botocore.hooks - DEBUG - Event session-initialized: calling handler <function add_timestamp_parser at 0x71908b879300>
2025-11-08 21:51:23,608 - MainThread - botocore.hooks - DEBUG - Event session-initialized: calling handler <function register_uri_param_handler at 0x71908cfcaf20>
2025-11-08 21:51:23,608 - MainThread - botocore.hooks - DEBUG - Event session-initialized: calling handler <function add_binary_formatter at 0x71908c3fd940>
2025-11-08 21:51:23,608 - MainThread - botocore.hooks - DEBUG - Event session-initialized: calling handler <function no_pager_handler at 0x71908c75b600>
2025-11-08 21:51:23,608 - MainThread - botocore.hooks - DEBUG - Event session-initialized: calling handler <function inject_assume_role_provider_cache at 0x71908c3fcf40>
2025-11-08 21:51:23,609 - MainThread - botocore.utils - DEBUG - IMDS ENDPOINT: http://169.254.169.254/
2025-11-08 21:51:23,611 - MainThread - botocore.hooks - DEBUG - Event session-initialized: calling handler <function attach_history_handler at 0x71908b96e160>
2025-11-08 21:51:23,611 - MainThread - botocore.hooks - DEBUG - Event session-initialized: calling handler <function inject_json_file_cache at 0x71908ba1f100>
2025-11-08 21:51:23,622 - MainThread - botocore.loaders - DEBUG - Loading JSON file: /usr/local/aws-cli/v2/2.31.22/dist/awscli/botocore/data/cloudfront/2020-05-31/service-2.json
2025-11-08 21:51:23,639 - MainThread - botocore.hooks - DEBUG - Event building-command-table.cloudfront: calling handler <function _add_sign at 0x71908bb27240>
2025-11-08 21:51:23,639 - MainThread - botocore.hooks - DEBUG - Event building-command-table.cloudfront: calling handler <function add_waiters at 0x71908b87a700>
2025-11-08 21:51:23,647 - MainThread - botocore.loaders - DEBUG - Loading JSON file: /usr/local/aws-cli/v2/2.31.22/dist/awscli/botocore/data/cloudfront/2020-05-31/waiters-2.json
2025-11-08 21:51:23,648 - MainThread - botocore.hooks - DEBUG - Event building-command-table.cloudfront: calling handler <bound method AliasSubCommandInjector.on_building_command_table of <awscli.alias.AliasSubCommandInjector object at 0x71908b6e8980>>
2025-11-08 21:51:23,648 - MainThread - awscli.clidriver - DEBUG - OrderedDict({'distribution-config': <awscli.arguments.CLIArgument object at 0x71908b5e8830>, 'id': <awscli.arguments.CLIArgument object at 0x71908b723750>, 'if-match': <awscli.arguments.CLIArgument object at 0x71908b723890>})
2025-11-08 21:51:23,648 - MainThread - botocore.hooks - DEBUG - Event building-argument-table.cloudfront.update-distribution: calling handler <function add_streaming_output_arg at 0x71908b8789a0>
2025-11-08 21:51:23,648 - MainThread - botocore.hooks - DEBUG - Event building-argument-table.cloudfront.update-distribution: calling handler <function register.<locals>.<lambda> at 0x71908b6fd080>
2025-11-08 21:51:23,649 - MainThread - botocore.hooks - DEBUG - Event building-argument-table.cloudfront.update-distribution: calling handler <function add_cli_input_json at 0x71908c3fe200>
2025-11-08 21:51:23,649 - MainThread - botocore.hooks - DEBUG - Event building-argument-table.cloudfront.update-distribution: calling handler <function add_cli_input_yaml at 0x71908c3fefc0>
2025-11-08 21:51:23,649 - MainThread - botocore.hooks - DEBUG - Event building-argument-table.cloudfront.update-distribution: calling handler <function unify_paging_params at 0x71908ba35260>
2025-11-08 21:51:23,657 - MainThread - botocore.loaders - DEBUG - Loading JSON file: /usr/local/aws-cli/v2/2.31.22/dist/awscli/botocore/data/cloudfront/2020-05-31/paginators-1.json
2025-11-08 21:51:23,658 - MainThread - botocore.hooks - DEBUG - Event building-argument-table.cloudfront.update-distribution: calling handler <function add_generate_skeleton at 0x71908b9498a0>
2025-11-08 21:51:23,658 - MainThread - botocore.hooks - DEBUG - Event before-building-argument-table-parser.cloudfront.update-distribution: calling handler <bound method OverrideRequiredArgsArgument.override_required_args of <awscli.customizations.cliinput.CliInputJSONArgument object at 0x71908b5e8d70>>
2025-11-08 21:51:23,658 - MainThread - botocore.hooks - DEBUG - Event before-building-argument-table-parser.cloudfront.update-distribution: calling handler <bound method OverrideRequiredArgsArgument.override_required_args of <awscli.customizations.cliinput.CliInputYAMLArgument object at 0x71908b5e8ec0>>
2025-11-08 21:51:23,658 - MainThread - botocore.hooks - DEBUG - Event before-building-argument-table-parser.cloudfront.update-distribution: calling handler <bound method GenerateCliSkeletonArgument.override_required_args of <awscli.customizations.generatecliskeleton.GenerateCliSkeletonArgument object at 0x71908b5e9010>>
2025-11-08 21:51:23,658 - MainThread - botocore.hooks - DEBUG - Event building-command-table.cloudfront_update-distribution: calling handler <function add_waiters at 0x71908b87a700>
2025-11-08 21:51:23,658 - MainThread - botocore.hooks - DEBUG - Event building-command-table.cloudfront_update-distribution: calling handler <bound method AliasSubCommandInjector.on_building_command_table of <awscli.alias.AliasSubCommandInjector object at 0x71908b6e8980>>
2025-11-08 21:51:23,659 - MainThread - botocore.hooks - DEBUG - Event operation-args-parsed.cloudfront.update-distribution: calling handler <function validate_mutually_exclusive_handler.<locals>._handler at 0x71908b6fcfe0>
2025-11-08 21:51:23,659 - MainThread - botocore.hooks - DEBUG - Event load-cli-arg.cloudfront.update-distribution.distribution-config: calling handler <awscli.paramfile.URIArgumentHandler object at 0x71908b6e9400>
2025-11-08 21:51:23,659 - MainThread - botocore.hooks - DEBUG - Event process-cli-arg.cloudfront.update-distribution: calling handler <awscli.argprocess.ParamShorthandParser object at 0x71908b7ceba0>
2025-11-08 21:51:23,659 - MainThread - awscli.argprocess - DEBUG - Param distribution_config looks like JSON, not considered for param shorthand.
2025-11-08 21:51:23,659 - MainThread - awscli.arguments - DEBUG - Unpacked value of '{\n  "CallerReference": "511964ff-0771-999a-1b6f-543241d9c61b",\n  "Aliases": {\n    "Quantity": 2,\n    "Items": [\n      "www.matsuesunsetai.com",\n      "matsuesunsetai.com"\n    ]\n  },\n  "DefaultRootObject": "index.html",\n  "Origins": {\n    "Quantity": 1,\n    "Items": [\n      {\n        "Id": "ImagesS3Origin",\n        "DomainName": "sunsetforecaststack-cardimagesbuckete37aba68-lzjm0gbq5ico.s3.us-east-1.amazonaws.com",\n        "OriginPath": "",\n        "CustomHeaders": {\n          "Quantity": 0\n        },\n        "S3OriginConfig": {\n          "OriginAccessIdentity": "",\n          "OriginReadTimeout": 30\n        },\n        "ConnectionAttempts": 3,\n        "ConnectionTimeout": 10,\n        "OriginShield": {\n          "Enabled": false\n        },\n        "OriginAccessControlId": "EWFY10LQQSQ3P"\n      }\n    ]\n  },\n  "OriginGroups": {\n    "Quantity": 0\n  },\n  "DefaultCacheBehavior": {\n    "TargetOriginId": "ImagesS3Origin",\n    "TrustedSigners": {\n      "Enabled": false,\n      "Quantity": 0\n    },\n    "TrustedKeyGroups": {\n      "Enabled": false,\n      "Quantity": 0\n    },\n    "ViewerProtocolPolicy": "redirect-to-https",\n    "AllowedMethods": {\n      "Quantity": 3,\n      "Items": [\n        "HEAD",\n        "GET",\n        "OPTIONS"\n      ],\n      "CachedMethods": {\n        "Quantity": 3,\n        "Items": [\n          "HEAD",\n          "GET",\n          "OPTIONS"\n        ]\n      }\n    },\n    "SmoothStreaming": false,\n    "Compress": true,\n    "LambdaFunctionAssociations": {\n      "Quantity": 0\n    },\n    "FunctionAssociations": {\n      "Quantity": 0\n    },\n    "FieldLevelEncryptionId": "",\n    "CachePolicyId": "658327ea-f89d-4fab-a63d-7e88639e58f6",\n    "ResponseHeadersPolicyId": "b0920551-35f2-4a3d-8df7-d3fea3f185e4",\n    "GrpcConfig": {\n      "Enabled": false\n    }\n  },\n  "CacheBehaviors": {\n    "Quantity": 1,\n    "Items": [\n      {\n        "PathPattern": "images/*",\n        "TargetOriginId": "ImagesS3Origin",\n        "TrustedSigners": {\n          "Enabled": false,\n          "Quantity": 0\n        },\n        "TrustedKeyGroups": {\n          "Enabled": false,\n          "Quantity": 0\n        },\n        "ViewerProtocolPolicy": "redirect-to-https",\n        "AllowedMethods": {\n          "Quantity": 3,\n          "Items": [\n            "HEAD",\n            "GET",\n            "OPTIONS"\n          ],\n          "CachedMethods": {\n            "Quantity": 3,\n            "Items": [\n              "HEAD",\n              "GET",\n              "OPTIONS"\n            ]\n          }\n        },\n        "SmoothStreaming": false,\n        "Compress": true,\n        "LambdaFunctionAssociations": {\n          "Quantity": 0\n        },\n        "FunctionAssociations": {\n          "Quantity": 0\n        },\n        "FieldLevelEncryptionId": "",\n        "CachePolicyId": "658327ea-f89d-4fab-a63d-7e88639e58f6",\n        "ResponseHeadersPolicyId": "b0920551-35f2-4a3d-8df7-d3fea3f185e4",\n        "GrpcConfig": {\n          "Enabled": false\n        }\n      }\n    ]\n  },\n  "CustomErrorResponses": {\n    "Quantity": 1,\n    "Items": [\n      {\n        "ErrorCode": 403,\n        "ErrorCachingMinTTL": 0\n      }\n    ]\n  },\n  "Comment": "Sunset Forecast generated cards",\n  "Logging": {\n    "Enabled": false,\n    "IncludeCookies": false,\n    "Bucket": "",\n    "Prefix": ""\n  },\n  "PriceClass": "PriceClass_100",\n  "Enabled": true,\n  "ViewerCertificate": {\n    "CloudFrontDefaultCertificate": false,\n    "ACMCertificateArn": "arn:aws:acm:us-east-1:869935094495:certificate/73a8d637-55d1-4b04-a362-61b5402fd584",\n    "SSLSupportMethod": "sni-only",\n    "MinimumProtocolVersion": "TLSv1.2_2021",\n    "Certificate": "arn:aws:acm:us-east-1:869935094495:certificate/73a8d637-55d1-4b04-a362-61b5402fd584",\n    "CertificateSource": "acm"\n  },\n  "Restrictions": {\n    "GeoRestriction": {\n      "RestrictionType": "none",\n      "Quantity": 0\n    }\n  },\n  "WebACLId": "",\n  "HttpVersion": "http1.1",\n  "IsIPV6Enabled": true,\n  "ContinuousDeploymentPolicyId": "",\n  "Staging": false\n}' for parameter "distribution_config": OrderedDict({'CallerReference': '511964ff-0771-999a-1b6f-543241d9c61b', 'Aliases': OrderedDict({'Quantity': 2, 'Items': ['www.matsuesunsetai.com', 'matsuesunsetai.com']}), 'DefaultRootObject': 'index.html', 'Origins': OrderedDict({'Quantity': 1, 'Items': [OrderedDict({'Id': 'ImagesS3Origin', 'DomainName': 'sunsetforecaststack-cardimagesbuckete37aba68-lzjm0gbq5ico.s3.us-east-1.amazonaws.com', 'OriginPath': '', 'CustomHeaders': OrderedDict({'Quantity': 0}), 'S3OriginConfig': OrderedDict({'OriginAccessIdentity': '', 'OriginReadTimeout': 30}), 'ConnectionAttempts': 3, 'ConnectionTimeout': 10, 'OriginShield': OrderedDict({'Enabled': False}), 'OriginAccessControlId': 'EWFY10LQQSQ3P'})]}), 'OriginGroups': OrderedDict({'Quantity': 0}), 'DefaultCacheBehavior': OrderedDict({'TargetOriginId': 'ImagesS3Origin', 'TrustedSigners': OrderedDict({'Enabled': False, 'Quantity': 0}), 'TrustedKeyGroups': OrderedDict({'Enabled': False, 'Quantity': 0}), 'ViewerProtocolPolicy': 'redirect-to-https', 'AllowedMethods': OrderedDict({'Quantity': 3, 'Items': ['HEAD', 'GET', 'OPTIONS'], 'CachedMethods': OrderedDict({'Quantity': 3, 'Items': ['HEAD', 'GET', 'OPTIONS']})}), 'SmoothStreaming': False, 'Compress': True, 'LambdaFunctionAssociations': OrderedDict({'Quantity': 0}), 'FunctionAssociations': OrderedDict({'Quantity': 0}), 'FieldLevelEncryptionId': '', 'CachePolicyId': '658327ea-f89d-4fab-a63d-7e88639e58f6', 'ResponseHeadersPolicyId': 'b0920551-35f2-4a3d-8df7-d3fea3f185e4', 'GrpcConfig': OrderedDict({'Enabled': False})}), 'CacheBehaviors': OrderedDict({'Quantity': 1, 'Items': [OrderedDict({'PathPattern': 'images/*', 'TargetOriginId': 'ImagesS3Origin', 'TrustedSigners': OrderedDict({'Enabled': False, 'Quantity': 0}), 'TrustedKeyGroups': OrderedDict({'Enabled': False, 'Quantity': 0}), 'ViewerProtocolPolicy': 'redirect-to-https', 'AllowedMethods': OrderedDict({'Quantity': 3, 'Items': ['HEAD', 'GET', 'OPTIONS'], 'CachedMethods': OrderedDict({'Quantity': 3, 'Items': ['HEAD', 'GET', 'OPTIONS']})}), 'SmoothStreaming': False, 'Compress': True, 'LambdaFunctionAssociations': OrderedDict({'Quantity': 0}), 'FunctionAssociations': OrderedDict({'Quantity': 0}), 'FieldLevelEncryptionId': '', 'CachePolicyId': '658327ea-f89d-4fab-a63d-7e88639e58f6', 'ResponseHeadersPolicyId': 'b0920551-35f2-4a3d-8df7-d3fea3f185e4', 'GrpcConfig': OrderedDict({'Enabled': False})})]}), 'CustomErrorResponses': OrderedDict({'Quantity': 1, 'Items': [OrderedDict({'ErrorCode': 403, 'ErrorCachingMinTTL': 0})]}), 'Comment': 'Sunset Forecast generated cards', 'Logging': OrderedDict({'Enabled': False, 'IncludeCookies': False, 'Bucket': '', 'Prefix': ''}), 'PriceClass': 'PriceClass_100', 'Enabled': True, 'ViewerCertificate': OrderedDict({'CloudFrontDefaultCertificate': False, 'ACMCertificateArn': 'arn:aws:acm:us-east-1:869935094495:certificate/73a8d637-55d1-4b04-a362-61b5402fd584', 'SSLSupportMethod': 'sni-only', 'MinimumProtocolVersion': 'TLSv1.2_2021', 'Certificate': 'arn:aws:acm:us-east-1:869935094495:certificate/73a8d637-55d1-4b04-a362-61b5402fd584', 'CertificateSource': 'acm'}), 'Restrictions': OrderedDict({'GeoRestriction': OrderedDict({'RestrictionType': 'none', 'Quantity': 0})}), 'WebACLId': '', 'HttpVersion': 'http1.1', 'IsIPV6Enabled': True, 'ContinuousDeploymentPolicyId': '', 'Staging': False})
2025-11-08 21:51:23,659 - MainThread - botocore.hooks - DEBUG - Event load-cli-arg.cloudfront.update-distribution.id: calling handler <awscli.paramfile.URIArgumentHandler object at 0x71908b6e9400>
2025-11-08 21:51:23,659 - MainThread - botocore.hooks - DEBUG - Event process-cli-arg.cloudfront.update-distribution: calling handler <awscli.argprocess.ParamShorthandParser object at 0x71908b7ceba0>
2025-11-08 21:51:23,659 - MainThread - awscli.arguments - DEBUG - Unpacked value of 'E1F0UDJZRMC56P' for parameter "id": 'E1F0UDJZRMC56P'
2025-11-08 21:51:23,659 - MainThread - botocore.hooks - DEBUG - Event load-cli-arg.cloudfront.update-distribution.if-match: calling handler <awscli.paramfile.URIArgumentHandler object at 0x71908b6e9400>
2025-11-08 21:51:23,659 - MainThread - botocore.hooks - DEBUG - Event process-cli-arg.cloudfront.update-distribution: calling handler <awscli.argprocess.ParamShorthandParser object at 0x71908b7ceba0>
2025-11-08 21:51:23,659 - MainThread - awscli.arguments - DEBUG - Unpacked value of 'E2DVJ28SCISM1E' for parameter "if_match": 'E2DVJ28SCISM1E'
2025-11-08 21:51:23,660 - MainThread - botocore.hooks - DEBUG - Event load-cli-arg.cloudfront.update-distribution.default-root-object: calling handler <awscli.paramfile.URIArgumentHandler object at 0x71908b6e9400>
2025-11-08 21:51:23,660 - MainThread - botocore.hooks - DEBUG - Event load-cli-arg.cloudfront.update-distribution.cli-input-json: calling handler <awscli.paramfile.URIArgumentHandler object at 0x71908b6e9400>
2025-11-08 21:51:23,660 - MainThread - botocore.hooks - DEBUG - Event load-cli-arg.cloudfront.update-distribution.cli-input-yaml: calling handler <awscli.paramfile.URIArgumentHandler object at 0x71908b6e9400>
2025-11-08 21:51:23,660 - MainThread - botocore.hooks - DEBUG - Event load-cli-arg.cloudfront.update-distribution.generate-cli-skeleton: calling handler <awscli.paramfile.URIArgumentHandler object at 0x71908b6e9400>
2025-11-08 21:51:23,660 - MainThread - botocore.hooks - DEBUG - Event calling-command.cloudfront.update-distribution: calling handler <bound method CliInputArgument.add_to_call_parameters of <awscli.customizations.cliinput.CliInputJSONArgument object at 0x71908b5e8d70>>
2025-11-08 21:51:23,660 - MainThread - botocore.hooks - DEBUG - Event calling-command.cloudfront.update-distribution: calling handler <bound method CliInputArgument.add_to_call_parameters of <awscli.customizations.cliinput.CliInputYAMLArgument object at 0x71908b5e8ec0>>
2025-11-08 21:51:23,660 - MainThread - botocore.hooks - DEBUG - Event calling-command.cloudfront.update-distribution: calling handler <bound method GenerateCliSkeletonArgument.generate_skeleton of <awscli.customizations.generatecliskeleton.GenerateCliSkeletonArgument object at 0x71908b5e9010>>
2025-11-08 21:51:23,660 - MainThread - botocore.credentials - DEBUG - Looking for credentials via: env
2025-11-08 21:51:23,660 - MainThread - botocore.credentials - DEBUG - Looking for credentials via: assume-role
2025-11-08 21:51:23,660 - MainThread - botocore.credentials - DEBUG - Looking for credentials via: assume-role-with-web-identity
2025-11-08 21:51:23,660 - MainThread - botocore.credentials - DEBUG - Looking for credentials via: sso
2025-11-08 21:51:23,660 - MainThread - botocore.credentials - DEBUG - Looking for credentials via: shared-credentials-file
2025-11-08 21:51:23,661 - MainThread - botocore.credentials - INFO - Found credentials in shared credentials file: ~/.aws/credentials
2025-11-08 21:51:23,663 - MainThread - botocore.loaders - DEBUG - Loading JSON file: /usr/local/aws-cli/v2/2.31.22/dist/awscli/botocore/data/endpoints.json
2025-11-08 21:51:23,688 - MainThread - botocore.hooks - DEBUG - Event choose-service-name: calling handler <function handle_service_name_alias at 0x71908d22c0e0>
2025-11-08 21:51:23,697 - MainThread - botocore.loaders - DEBUG - Loading JSON file: /usr/local/aws-cli/v2/2.31.22/dist/awscli/botocore/data/cloudfront/2020-05-31/endpoint-rule-set-1.json
2025-11-08 21:51:23,697 - MainThread - botocore.loaders - DEBUG - Loading JSON file: /usr/local/aws-cli/v2/2.31.22/dist/awscli/botocore/data/partitions.json
2025-11-08 21:51:23,699 - MainThread - botocore.hooks - DEBUG - Event creating-client-class.cloudfront: calling handler <function add_generate_presigned_url at 0x71908d35b880>
2025-11-08 21:51:23,700 - MainThread - botocore.configprovider - DEBUG - Looking for endpoint for cloudfront via: environment_service
2025-11-08 21:51:23,700 - MainThread - botocore.configprovider - DEBUG - Looking for endpoint for cloudfront via: environment_global
2025-11-08 21:51:23,700 - MainThread - botocore.configprovider - DEBUG - Looking for endpoint for cloudfront via: config_service
2025-11-08 21:51:23,700 - MainThread - botocore.configprovider - DEBUG - Looking for endpoint for cloudfront via: config_global
2025-11-08 21:51:23,700 - MainThread - botocore.configprovider - DEBUG - No configured endpoint found.
2025-11-08 21:51:23,700 - MainThread - botocore.regions - DEBUG - Using partition endpoint for cloudfront, us-east-1: aws-global
2025-11-08 21:51:23,702 - MainThread - botocore.endpoint - DEBUG - Setting cloudfront timeout as (60, 60)
2025-11-08 21:51:23,703 - MainThread - botocore.hooks - DEBUG - Event provide-client-params.cloudfront.UpdateDistribution: calling handler <function base64_decode_input_blobs at 0x71908c3fd9e0>
2025-11-08 21:51:23,714 - MainThread - botocore.hooks - DEBUG - Event before-parameter-build.cloudfront.UpdateDistribution: calling handler <function generate_idempotent_uuid at 0x71908d22c4a0>
2025-11-08 21:51:23,714 - MainThread - botocore.hooks - DEBUG - Event before-parameter-build.cloudfront.UpdateDistribution: calling handler <function _handle_request_validation_mode_member at 0x71908d22ee80>
2025-11-08 21:51:23,714 - MainThread - botocore.regions - DEBUG - Calling endpoint provider with parameters: {'UseDualStack': False, 'UseFIPS': False, 'Region': 'us-east-1'}
2025-11-08 21:51:23,714 - MainThread - botocore.regions - DEBUG - Endpoint provider result: https://cloudfront.amazonaws.com
2025-11-08 21:51:23,714 - MainThread - botocore.regions - DEBUG - Selecting from endpoint provider's list of auth schemes: "sigv4". User selected auth scheme is: "None"
2025-11-08 21:51:23,714 - MainThread - botocore.regions - DEBUG - Selected auth type "v4" as "v4" with signing context params: {'region': 'us-east-1'}
2025-11-08 21:51:23,716 - MainThread - botocore.hooks - DEBUG - Event before-call.cloudfront.UpdateDistribution: calling handler <function inject_api_version_header_if_needed at 0x71908d22df80>
2025-11-08 21:51:23,716 - MainThread - botocore.endpoint - DEBUG - Making request for OperationModel(name=UpdateDistribution) with params: {'url_path': '/2020-05-31/distribution/E1F0UDJZRMC56P/config', 'query_string': {}, 'method': 'PUT', 'headers': {'If-Match': 'E2DVJ28SCISM1E', 'User-Agent': 'aws-cli/2.31.22 md/awscrt#0.27.6 ua/2.1 os/linux#6.6.87.2-microsoft-standard-WSL2 md/arch#x86_64 lang/python#3.13.7 md/pyimpl#CPython m/E,Z,b,n cfg/retry-mode#standard md/installer#exe md/distrib#ubuntu.22 sid/c5b534447377 md/prompt#off md/command#cloudfront.update-distribution'}, 'body': b'<DistributionConfig xmlns="http://cloudfront.amazonaws.com/doc/2020-05-31/"><CallerReference>511964ff-0771-999a-1b6f-543241d9c61b</CallerReference><Aliases><Quantity>2</Quantity><Items><CNAME>www.matsuesunsetai.com</CNAME><CNAME>matsuesunsetai.com</CNAME></Items></Aliases><DefaultRootObject>index.html</DefaultRootObject><Origins><Quantity>1</Quantity><Items><Origin><Id>ImagesS3Origin</Id><DomainName>sunsetforecaststack-cardimagesbuckete37aba68-lzjm0gbq5ico.s3.us-east-1.amazonaws.com</DomainName><OriginPath /><CustomHeaders><Quantity>0</Quantity></CustomHeaders><S3OriginConfig><OriginAccessIdentity /><OriginReadTimeout>30</OriginReadTimeout></S3OriginConfig><ConnectionAttempts>3</ConnectionAttempts><ConnectionTimeout>10</ConnectionTimeout><OriginShield><Enabled>false</Enabled></OriginShield><OriginAccessControlId>EWFY10LQQSQ3P</OriginAccessControlId></Origin></Items></Origins><OriginGroups><Quantity>0</Quantity></OriginGroups><DefaultCacheBehavior><TargetOriginId>ImagesS3Origin</TargetOriginId><TrustedSigners><Enabled>false</Enabled><Quantity>0</Quantity></TrustedSigners><TrustedKeyGroups><Enabled>false</Enabled><Quantity>0</Quantity></TrustedKeyGroups><ViewerProtocolPolicy>redirect-to-https</ViewerProtocolPolicy><AllowedMethods><Quantity>3</Quantity><Items><Method>HEAD</Method><Method>GET</Method><Method>OPTIONS</Method></Items><CachedMethods><Quantity>3</Quantity><Items><Method>HEAD</Method><Method>GET</Method><Method>OPTIONS</Method></Items></CachedMethods></AllowedMethods><SmoothStreaming>false</SmoothStreaming><Compress>true</Compress><LambdaFunctionAssociations><Quantity>0</Quantity></LambdaFunctionAssociations><FunctionAssociations><Quantity>0</Quantity></FunctionAssociations><FieldLevelEncryptionId /><CachePolicyId>658327ea-f89d-4fab-a63d-7e88639e58f6</CachePolicyId><ResponseHeadersPolicyId>b0920551-35f2-4a3d-8df7-d3fea3f185e4</ResponseHeadersPolicyId><GrpcConfig><Enabled>false</Enabled></GrpcConfig></DefaultCacheBehavior><CacheBehaviors><Quantity>1</Quantity><Items><CacheBehavior><PathPattern>images/*</PathPattern><TargetOriginId>ImagesS3Origin</TargetOriginId><TrustedSigners><Enabled>false</Enabled><Quantity>0</Quantity></TrustedSigners><TrustedKeyGroups><Enabled>false</Enabled><Quantity>0</Quantity></TrustedKeyGroups><ViewerProtocolPolicy>redirect-to-https</ViewerProtocolPolicy><AllowedMethods><Quantity>3</Quantity><Items><Method>HEAD</Method><Method>GET</Method><Method>OPTIONS</Method></Items><CachedMethods><Quantity>3</Quantity><Items><Method>HEAD</Method><Method>GET</Method><Method>OPTIONS</Method></Items></CachedMethods></AllowedMethods><SmoothStreaming>false</SmoothStreaming><Compress>true</Compress><LambdaFunctionAssociations><Quantity>0</Quantity></LambdaFunctionAssociations><FunctionAssociations><Quantity>0</Quantity></FunctionAssociations><FieldLevelEncryptionId /><CachePolicyId>658327ea-f89d-4fab-a63d-7e88639e58f6</CachePolicyId><ResponseHeadersPolicyId>b0920551-35f2-4a3d-8df7-d3fea3f185e4</ResponseHeadersPolicyId><GrpcConfig><Enabled>false</Enabled></GrpcConfig></CacheBehavior></Items></CacheBehaviors><CustomErrorResponses><Quantity>1</Quantity><Items><CustomErrorResponse><ErrorCode>403</ErrorCode><ErrorCachingMinTTL>0</ErrorCachingMinTTL></CustomErrorResponse></Items></CustomErrorResponses><Comment>Sunset Forecast generated cards</Comment><Logging><Enabled>false</Enabled><IncludeCookies>false</IncludeCookies><Bucket /><Prefix /></Logging><PriceClass>PriceClass_100</PriceClass><Enabled>true</Enabled><ViewerCertificate><CloudFrontDefaultCertificate>false</CloudFrontDefaultCertificate><ACMCertificateArn>arn:aws:acm:us-east-1:869935094495:certificate/73a8d637-55d1-4b04-a362-61b5402fd584</ACMCertificateArn><SSLSupportMethod>sni-only</SSLSupportMethod><MinimumProtocolVersion>TLSv1.2_2021</MinimumProtocolVersion><Certificate>arn:aws:acm:us-east-1:869935094495:certificate/73a8d637-55d1-4b04-a362-61b5402fd584</Certificate><CertificateSource>acm</CertificateSource></ViewerCertificate><Restrictions><GeoRestriction><RestrictionType>none</RestrictionType><Quantity>0</Quantity></GeoRestriction></Restrictions><WebACLId /><HttpVersion>http1.1</HttpVersion><IsIPV6Enabled>true</IsIPV6Enabled><ContinuousDeploymentPolicyId /><Staging>false</Staging></DistributionConfig>', 'url': 'https://cloudfront.amazonaws.com/2020-05-31/distribution/E1F0UDJZRMC56P/config', 'context': {'client_region': 'aws-global', 'client_config': <botocore.config.Config object at 0x71908b600190>, 'has_streaming_input': False, 'auth_type': 'v4', 'unsigned_payload': None, 'auth_options': ['aws.auth#sigv4'], 'signing': {'region': 'us-east-1'}, 'endpoint_properties': {'authSchemes': [{'name': 'sigv4', 'signingRegion': 'us-east-1'}]}}}
2025-11-08 21:51:23,716 - MainThread - botocore.hooks - DEBUG - Event request-created.cloudfront.UpdateDistribution: calling handler <bound method RequestSigner.handler of <botocore.signers.RequestSigner object at 0x71908b5e9d30>>
2025-11-08 21:51:23,716 - MainThread - botocore.hooks - DEBUG - Event choose-signer.cloudfront.UpdateDistribution: calling handler <function set_operation_specific_signer at 0x71908d22c2c0>
2025-11-08 21:51:23,716 - MainThread - botocore.auth - DEBUG - Calculating signature using v4 auth.
2025-11-08 21:51:23,716 - MainThread - botocore.auth - DEBUG - CanonicalRequest:
PUT
/2020-05-31/distribution/E1F0UDJZRMC56P/config

host:cloudfront.amazonaws.com
if-match:E2DVJ28SCISM1E
x-amz-date:20251108T125123Z

host;if-match;x-amz-date
7ff10107abf7800964725d07a7b3d512e2d0e2973043749e0b7bbdd2c9e884ec
2025-11-08 21:51:23,716 - MainThread - botocore.auth - DEBUG - StringToSign:
AWS4-HMAC-SHA256
20251108T125123Z
20251108/us-east-1/cloudfront/aws4_request
9e34c2aaef60e3db65f07e37b6296929cf39104784114760e28703f91f23d175
2025-11-08 21:51:23,716 - MainThread - botocore.auth - DEBUG - Signature:
dc8b14d6ae8315e2ad95139269aa27d2f3de44544759c4edf32f5a1cebc87f4d
2025-11-08 21:51:23,717 - MainThread - botocore.hooks - DEBUG - Event request-created.cloudfront.UpdateDistribution: calling handler <bound method UserAgentString.rebuild_and_replace_user_agent_handler of <botocore.useragent.UserAgentString object at 0x71908b601450>>
2025-11-08 21:51:23,717 - MainThread - botocore.endpoint - DEBUG - Sending http request: <AWSPreparedRequest stream_output=False, method=PUT, url=https://cloudfront.amazonaws.com/2020-05-31/distribution/E1F0UDJZRMC56P/config, headers={'If-Match': b'E2DVJ28SCISM1E', 'User-Agent': b'aws-cli/2.31.22 md/awscrt#0.27.6 ua/2.1 os/linux#6.6.87.2-microsoft-standard-WSL2 md/arch#x86_64 lang/python#3.13.7 md/pyimpl#CPython m/E,Z,b,n cfg/retry-mode#standard md/installer#exe md/distrib#ubuntu.22 sid/c5b534447377 md/prompt#off md/command#cloudfront.update-distribution', 'X-Amz-Date': b'20251108T125123Z', 'Authorization': b'AWS4-HMAC-SHA256 Credential=AKIA4VDBMDLPZG4WQ46L/20251108/us-east-1/cloudfront/aws4_request, SignedHeaders=host;if-match;x-amz-date, Signature=dc8b14d6ae8315e2ad95139269aa27d2f3de44544759c4edf32f5a1cebc87f4d', 'Content-Length': '4250'}>
2025-11-08 21:51:23,717 - MainThread - botocore.httpsession - DEBUG - Certificate path: /usr/local/aws-cli/v2/2.31.22/dist/awscli/botocore/cacert.pem
2025-11-08 21:51:23,717 - MainThread - urllib3.connectionpool - DEBUG - Starting new HTTPS connection (1): cloudfront.amazonaws.com:443
2025-11-08 21:51:24,524 - MainThread - urllib3.connectionpool - DEBUG - https://cloudfront.amazonaws.com:443 "PUT /2020-05-31/distribution/E1F0UDJZRMC56P/config HTTP/1.1" 400 323
2025-11-08 21:51:24,525 - MainThread - botocore.parsers - DEBUG - Response headers: {'x-amzn-RequestId': '8fb2ce63-a857-409c-ad07-b9a2769ef590', 'Content-Type': 'text/xml', 'Content-Length': '323', 'Date': 'Sat, 08 Nov 2025 12:51:23 GMT', 'Connection': 'close'}
2025-11-08 21:51:24,525 - MainThread - botocore.parsers - DEBUG - Response body:
b'<?xml version="1.0"?>\n<ErrorResponse xmlns="http://cloudfront.amazonaws.com/doc/2020-05-31/"><Error><Type>Sender</Type><Code>IllegalUpdate</Code><Message>The specified list of custom error responses does not exist or is not valid.</Message></Error><RequestId>8fb2ce63-a857-409c-ad07-b9a2769ef590</RequestId></ErrorResponse>'
2025-11-08 21:51:24,527 - MainThread - botocore.parsers - DEBUG - Response headers: {'x-amzn-RequestId': '8fb2ce63-a857-409c-ad07-b9a2769ef590', 'Content-Type': 'text/xml', 'Content-Length': '323', 'Date': 'Sat, 08 Nov 2025 12:51:23 GMT', 'Connection': 'close'}
2025-11-08 21:51:24,527 - MainThread - botocore.parsers - DEBUG - Response body:
b'<?xml version="1.0"?>\n<ErrorResponse xmlns="http://cloudfront.amazonaws.com/doc/2020-05-31/"><Error><Type>Sender</Type><Code>IllegalUpdate</Code><Message>The specified list of custom error responses does not exist or is not valid.</Message></Error><RequestId>8fb2ce63-a857-409c-ad07-b9a2769ef590</RequestId></ErrorResponse>'
2025-11-08 21:51:24,528 - MainThread - botocore.hooks - DEBUG - Event needs-retry.cloudfront.UpdateDistribution: calling handler <bound method RetryHandler.needs_retry of <botocore.retries.standard.RetryHandler object at 0x71908abf46e0>>
2025-11-08 21:51:24,528 - MainThread - botocore.retries.standard - DEBUG - Not retrying request.
2025-11-08 21:51:24,528 - MainThread - botocore.hooks - DEBUG - Event after-call.cloudfront.UpdateDistribution: calling handler <bound method RetryQuotaChecker.release_retry_quota of <botocore.retries.standard.RetryQuotaChecker object at 0x71908b5eb4d0>>
2025-11-08 21:51:24,530 - MainThread - awscli.clidriver - DEBUG - Exception caught in main()
Traceback (most recent call last):
  File "awscli/clidriver.py", line 530, in main
  File "awscli/clidriver.py", line 667, in __call__
  File "awscli/clidriver.py", line 881, in __call__
  File "awscli/clidriver.py", line 1017, in invoke
  File "awscli/clidriver.py", line 1031, in _make_client_call
  File "awscli/botocore/client.py", line 438, in _api_call
  File "awscli/botocore/context.py", line 124, in wrapper
  File "awscli/botocore/client.py", line 907, in _make_api_call
botocore.errorfactory.IllegalUpdate: An error occurred (IllegalUpdate) when calling the UpdateDistribution operation: The specified list of custom error responses does not exist or is not valid.

An error occurred (IllegalUpdate) when calling the UpdateDistribution operation: The specified list of custom error responses does not exist or is not valid.
